build/app/outputs/mapping/release/seeds.txt
com.a1clinic.appointment.ahmed.MainActivity
com.a1clinic.appointment.ahmed.MainActivity: MainActivity()
...
io.flutter.plugin.common.BasicMessageChannel
com.google.android.recaptcha.internal.zzgv
com.google.android.gms.internal.firebase-auth-api.zzakt
com.google.android.gms.internal.firebase-auth-api.zzno
com.google.android.gms.internal.firebase-auth-api.zzaak
com.google.android.gms.internal.firebase-auth-api.zzti
io.flutter.plugin.editing.ListenableEditingState$1
com.google.android.play.core.integrity.IntegrityManagerFactory
com.google.android.gms.internal.location.zzfa
io.flutter.plugins.firebase.auth.GeneratedAndroidFirebaseAuth$MultiFactoResolverHostApiCodec
io.flutter.plugins.firebase.storage.GeneratedAndroidFirebaseStorage$FirebaseStorageHostApi$5
com.google.android.gms.internal.firebase-auth-api.zziq
com.google.android.gms.internal.common.zza
io.flutter.view.TextureRegistry$SurfaceTextureEntry
io.flutter.plugins.googlemaps.Messages$PlatformCapType
com.google.android.gms.internal.firebase-auth-api.zzze
com.google.android.gms.internal.firebase-auth-api.zzaki
com.google.android.gms.internal.firebase-auth-api.zzfa$zza
io.flutter.plugins.webviewflutter.GeneratedAndroidWebView$JavaScriptChannelFlutterApi
com.google.android.gms.internal.firebase-auth-api.zzaas
com.google.android.gms.internal.firebase-auth-api.zznl
io.flutter.plugins.webviewflutter.DisplayListenerProxy
io.flutter.embedding.android.KeyChannelResponder
com.google.android.gms.internal.location.zzp
io.flutter.view.AccessibilityViewEmbedder$ReflectionAccessors
com.google.android.recaptcha.internal.zzha
com.google.android.gms.internal.firebase-auth-api.zzqb
com.google.android.gms.internal.location.zzcy
io.flutter.plugins.googlemaps.Messages$PlatformMapViewCreationParams
io.flutter.plugins.imagepicker.Messages$CacheRetrievalType
io.flutter.embedding.engine.systemchannels.SettingsChannel$PlatformBrightness
io.flutter.plugins.firebase.firestore.GeneratedAndroidFirebaseFirestore$PigeonDocumentSnapshot$Builder
io.flutter.plugins.webviewflutter.GeneratedAndroidWebView$ConsoleMessage
com.google.android.gms.internal.firebase-auth-api.zzaat
com.google.android.gms.internal.location.zzbq
io.flutter.plugins.firebase.core.BuildConfig
com.google.android.gms.internal.cloudmessaging.zzf
com.google.android.gms.internal.firebase-auth-api.zzqd
io.flutter.plugins.flutter_plugin_android_lifecycle.R$layout
com.google.android.gms.internal.firebase-auth-api.zzwi
com.google.android.recaptcha.internal.zzcu
io.flutter.plugins.webviewflutter.WebChromeClientFlutterApiImpl$1
io.flutter.embedding.engine.systemchannels.PlatformViewsChannel$PlatformViewCreationRequest
com.google.android.play.core.integrity.c
io.flutter.plugins.firebase.firestore.streamhandler.TransactionStreamHandler
io.flutter.plugins.imagepicker.Messages$MediaSelectionOptions$Builder
com.google.android.recaptcha.internal.zzct
com.google.android.gms.internal.firebase-auth-api.zzt
io.flutter.embedding.engine.systemchannels.SettingsChannel$MessageBuilder
com.google.android.gms.internal.firebase-auth-api.zzalh
com.google.android.gms.internal.location.zzby
com.google.android.gms.internal.location.zzdr
io.flutter.plugins.firebase.messaging.R$drawable
io.flutter.plugins.googlemaps.Messages$PlatformLatLngBounds$Builder
com.google.android.gms.internal.firebase-auth-api.zzjr
com.google.android.recaptcha.internal.zzj
io.flutter.plugins.firebase.storage.GeneratedAndroidFirebaseStorage$PigeonFullMetaData$Builder
io.flutter.plugins.googlemaps.CirclesController
io.flutter.plugins.googlemaps.GoogleMapInitializer$1
com.google.android.recaptcha.internal.zzhq
io.flutter.plugins.firebase.messaging.FlutterFirebaseMessagingReceiver
com.google.android.gms.internal.firebase-auth-api.zzvh$zza$zza
io.flutter.plugins.firebase.storage.GeneratedAndroidFirebaseStorage$FlutterError
io.flutter.embedding.android.KeyData$DeviceType
io.flutter.embedding.engine.FlutterShellArgs
io.flutter.plugins.firebase.messaging.R$style
io.flutter.plugin.editing.TextInputPlugin$InputTarget
com.google.android.recaptcha.internal.zzbb
com.google.android.recaptcha.internal.zzeg