build/app/outputs/mapping/release/mapping.txt
# compiler: R8
# compiler_version: 4.0.52
# min_api: 24
# common_typos_disable
# {"id":"com.android.tools.r8.mapping","version":"2.1"}
# pg_map_id: f2ff6c6
# pg_map_hash: SHA-256 f2ff6c6e824c98d4a985e09547b44fa8cf9d52b26f27e1060100773cbf35e61d
...
androidx.core.location.LocationCompat$Api26Impl -> androidx.core.location.j$a:
    float getBearingAccuracyDegrees(android.location.Location) -> a
    float getSpeedAccuracyMetersPerSecond(android.location.Location) -> b
    float getVerticalAccuracyMeters(android.location.Location) -> c
    boolean hasBearingAccuracy(android.location.Location) -> d
    boolean hasSpeedAccuracy(android.location.Location) -> e
    boolean hasVerticalAccuracy(android.location.Location) -> f
    void removeBearingAccuracy(android.location.Location) -> g
    void removeSpeedAccuracy(android.location.Location) -> h
    void removeVerticalAccuracy(android.location.Location) -> i
    void setBearingAccuracyDegrees(android.location.Location,float) -> j
    void setSpeedAccuracyMetersPerSecond(android.location.Location,float) -> k
    void setVerticalAccuracyMeters(android.location.Location,float) -> l
androidx.core.location.LocationCompat$Api26Impl$$ExternalSyntheticApiModelOutline0 -> androidx.core.location.a:
# {"id":"sourceFile","fileName":"R8$$SyntheticClass"}
# {"id":"com.android.tools.r8.synthesized"}
    float androidx.core.location.LocationCompat$Api26Impl$$InternalSyntheticApiModelOutline$1$2c1dc8ccb9e760d28aaa8b20bfaa271970992f8e049f2bb46a34c4c4eaeda2ed$0.m(android.location.Location) -> a
      # {"id":"com.android.tools.r8.synthesized"}
androidx.core.location.LocationCompat$Api26Impl$$ExternalSyntheticApiModelOutline1 -> androidx.core.location.b:
# {"id":"sourceFile","fileName":"R8$$SyntheticClass"}
# {"id":"com.android.tools.r8.synthesized"}
    void androidx.core.location.LocationCompat$Api26Impl$$InternalSyntheticApiModelOutline$1$3fc030c7c90e53c34d54bb8502840c152e4fee48ba04316e8fc55ee1ad2a3920$0.m(android.location.Location,float) -> a
      # {"id":"com.android.tools.r8.synthesized"}
androidx.core.location.LocationCompat$Api26Impl$$ExternalSyntheticApiModelOutline2 -> androidx.core.location.c:
# {"id":"sourceFile","fileName":"R8$$SyntheticClass"}
# {"id":"com.android.tools.r8.synthesized"}
    void androidx.core.location.LocationCompat$Api26Impl$$InternalSyntheticApiModelOutline$1$99058eb3df78b863b847321c452fcc4fb8d57eb197513553998d3fba0a3c2c06$0.m(android.location.Location,float) -> a
      # {"id":"com.android.tools.r8.synthesized"}
androidx.core.location.LocationCompat$Api26Impl$$ExternalSyntheticApiModelOutline3 -> androidx.core.location.d:
# {"id":"sourceFile","fileName":"R8$$SyntheticClass"}
# {"id":"com.android.tools.r8.synthesized"}
    boolean androidx.core.location.LocationCompat$Api26Impl$$InternalSyntheticApiModelOutline$1$a55b17b0683655c6004e06098c65bd272967e625a6d7ca62bcf07b577f94ac1c$0.m(android.location.Location) -> a
      # {"id":"com.android.tools.r8.synthesized"}
androidx.core.location.LocationCompat$Api26Impl$$ExternalSyntheticApiModelOutline4 -> androidx.core.location.e:
# {"id":"sourceFile","fileName":"R8$$SyntheticClass"}
# {"id":"com.android.tools.r8.synthesized"}
    boolean androidx.core.location.LocationCompat$Api26Impl$$InternalSyntheticApiModelOutline$1$ba285b41d31899b562804c751e4a9e78963ee6bec2fad79eb2909e6009f3b743$0.m(android.location.Location) -> a
      # {"id":"com.android.tools.r8.synthesized"}
androidx.core.location.LocationCompat$Api26Impl$$ExternalSyntheticApiModelOutline5 -> androidx.core.location.f:
# {"id":"sourceFile","fileName":"R8$$SyntheticClass"}
# {"id":"com.android.tools.r8.synthesized"}
    float androidx.core.location.LocationCompat$Api26Impl$$InternalSyntheticApiModelOutline$1$c24b41d1f6baa301075645e1dc206c4d4f566c7dcc22e9cba85fcfb9417524f7$0.m(android.location.Location) -> a
      # {"id":"com.android.tools.r8.synthesized"}