build/app/outputs/mapping/release/usage.txt
com.a1clinic.appointment.ahmed.BuildConfig
com.a1clinic.appointment.ahmed.R$anim
com.a1clinic.appointment.ahmed.R$animator
com.a1clinic.appointment.ahmed.R$attr
com.a1clinic.appointment.ahmed.R$color
com.a1clinic.appointment.ahmed.R$dimen
com.a1clinic.appointment.ahmed.R$drawable
com.a1clinic.appointment.ahmed.R$id
com.a1clinic.appointment.ahmed.R$integer
com.a1clinic.appointment.ahmed.R$layout
com.a1clinic.appointment.ahmed.R$mipmap
com.a1clinic.appointment.ahmed.R$raw
com.a1clinic.appointment.ahmed.R$string
com.a1clinic.appointment.ahmed.R$style
com.a1clinic.appointment.ahmed.R$styleable
com.a1clinic.appointment.ahmed.R$xml
com.a1clinic.appointment.ahmed.R
...
androidx.window.core.ConsumerAdapter:
    public final void addConsumer(java.lang.Object,kotlin.reflect.KClass,java.lang.String,kotlin.jvm.functions.Function1)
    public final void createConsumer(java.lang.Object,kotlin.reflect.KClass,java.lang.String,android.app.Activity,kotlin.jvm.functions.Function1)
    public final androidx.window.core.ConsumerAdapter$Subscription createSubscription(java.lang.Object,kotlin.reflect.KClass,java.lang.String,java.lang.String,android.content.Context,kotlin.jvm.functions.Function1)
    public final androidx.window.core.ConsumerAdapter$Subscription createSubscriptionNoActivity(java.lang.Object,kotlin.reflect.KClass,java.lang.String,java.lang.String,kotlin.jvm.functions.Function1)
androidx.window.core.ExperimentalWindowApi
androidx.window.core.FailedSpecification:
    public final androidx.window.core.WindowStrictModeException getException()
    public final androidx.window.core.Logger getLogger()
    public final java.lang.String getMessage()
    public final java.lang.String getTag()
    public final java.lang.Object getValue()
    public final androidx.window.core.VerificationMode getVerificationMode()
androidx.window.core.PredicateAdapter$BaseHandler
androidx.window.core.PredicateAdapter$PairPredicateStubHandler
androidx.window.core.PredicateAdapter$PredicateStubHandler
androidx.window.core.PredicateAdapter
androidx.window.core.ValidSpecification:
    public final androidx.window.core.Logger getLogger()
    public final java.lang.String getTag()
    public final java.lang.Object getValue()
    public final androidx.window.core.VerificationMode getVerificationMode()
androidx.window.core.Version$Companion:
    public final androidx.window.core.Version getCURRENT()
    public final androidx.window.core.Version getUNKNOWN()
    public final androidx.window.core.Version getVERSION_1_0()
androidx.window.core.Version:
    private static final java.lang.String VERSION_PATTERN_STRING
    public static final synthetic androidx.window.core.Version access$getCURRENT$cp()
    public static final synthetic androidx.window.core.Version access$getUNKNOWN$cp()
    public static final synthetic androidx.window.core.Version access$getVERSION_1_0$cp()
    public final java.lang.String getDescription()
    public static final androidx.window.core.Version parse(java.lang.String)
androidx.window.embedding.ActivityEmbeddingController$Companion
androidx.window.embedding.ActivityEmbeddingController
androidx.window.embedding.ActivityFilter
androidx.window.embedding.ActivityRule$Builder
androidx.window.embedding.ActivityRule
androidx.window.embedding.ActivityStack
androidx.window.embedding.EmbeddingAdapter$Companion
androidx.window.embedding.EmbeddingAdapter$VendorApiLevel1Impl$translateActivityIntentPredicates$1
androidx.window.embedding.EmbeddingAdapter$VendorApiLevel1Impl$translateActivityPairPredicates$1
androidx.window.embedding.EmbeddingAdapter$VendorApiLevel1Impl$translateActivityPredicates$1
androidx.window.embedding.EmbeddingAdapter$VendorApiLevel1Impl$translateIntentPredicates$1
androidx.window.embedding.EmbeddingAdapter$VendorApiLevel1Impl$translateParentMetricsPredicate$1
androidx.window.embedding.EmbeddingAdapter$VendorApiLevel1Impl
androidx.window.embedding.EmbeddingAdapter$VendorApiLevel2Impl
androidx.window.embedding.EmbeddingAdapter
androidx.window.embedding.EmbeddingAspectRatio$Companion
androidx.window.embedding.EmbeddingAspectRatio
androidx.window.embedding.EmbeddingBackend$Companion$decorator$1
androidx.window.embedding.EmbeddingBackend$Companion$overrideDecorator$1
androidx.window.embedding.EmbeddingBackend$Companion$reset$1
androidx.window.embedding.EmbeddingBackend$Companion
androidx.window.embedding.EmbeddingBackend
androidx.window.embedding.EmbeddingBackendDecorator
androidx.window.embedding.EmbeddingCompat$Companion
androidx.window.embedding.EmbeddingCompat$setEmbeddingCallback$1
androidx.window.embedding.EmbeddingCompat